<?xml version="1.0" encoding="UTF-8"?>
<testng-results ignored="0" total="1" passed="1" failed="0" skipped="0">
  <reporter-output>
  </reporter-output>
  <suite started-at="2023-01-27T01:23:26 IST" name="Default suite" finished-at="2023-01-27T01:23:31 IST" duration-ms="4833">
    <groups>
    </groups>
    <test started-at="2023-01-27T01:23:26 IST" name="Default test" finished-at="2023-01-27T01:23:31 IST" duration-ms="4833">
      <class name="org.Testing.TestCase.TC1">
        <test-method signature="main()[pri:0, instance:org.Testing.TestCase.TC1@2cf3d63b]" started-at="2023-01-27T01:23:26 IST" name="main" finished-at="2023-01-27T01:23:31 IST" duration-ms="4679" status="PASS">
          <reporter-output>
          </reporter-output>
        </test-method> <!-- main -->
      </class> <!-- org.Testing.TestCase.TC1 -->
    </test> <!-- Default test -->
  </suite> <!-- Default suite -->
</testng-results>
